This is e-upTeX, Version 3.14159265-p3.7.1-u1.22-161114-2.6 (utf8.uptex) (TeX Live 2017/W32TeX) (preloaded format=uplatex 2018.4.24)  17 JAN 2019 05:55
entering extended mode
 restricted \write18 enabled.
 %&-line parsing enabled.
**d:/GitHubWork/Steganography/Slide/Steganography.tex
(d:/GitHubWork/Steganography/Slide/Steganography.tex
pLaTeX2e <2017/10/28u01>+4 (based on LaTeX2e <2017-04-15>)
Babel <3.18> and hyphenation patterns for 84 language(s) loaded.
(c:/texlive/2017/texmf-dist/tex/latex/beamer/beamer.cls
Document Class: beamer 2018/02/20 v3.50 A class for typesetting presentations
(c:/texlive/2017/texmf-dist/tex/latex/beamer/beamerbasemodes.sty (c:/texlive/2017/texmf-dist/tex/latex/etoolbox/etoolbox.sty
Package: etoolbox 2018/02/11 v2.5e e-TeX tools for LaTeX (JAW)
\etb@tempcnta=\count82
)
\beamer@tempbox=\box42
\beamer@tempcount=\count83
\c@beamerpauses=\count84
 (c:/texlive/2017/texmf-dist/tex/latex/beamer/beamerbasedecode.sty
\beamer@slideinframe=\count85
\beamer@minimum=\count86
)
\beamer@commentbox=\box43
\beamer@modecount=\count87
) (c:/texlive/2017/texmf-dist/tex/generic/oberdiek/ifpdf.sty
Package: ifpdf 2017/03/15 v3.2 Provides the ifpdf switch
)
\headdp=\dimen118
\footheight=\dimen119
\sidebarheight=\dimen120
\beamer@tempdim=\dimen121
\beamer@finalheight=\dimen122
\beamer@animht=\dimen123
\beamer@animdp=\dimen124
\beamer@animwd=\dimen125
\beamer@leftmargin=\dimen126
\beamer@rightmargin=\dimen127
\beamer@leftsidebar=\dimen128
\beamer@rightsidebar=\dimen129
\beamer@boxsize=\dimen130
\beamer@vboxoffset=\dimen131
\beamer@descdefault=\dimen132
\beamer@descriptionwidth=\dimen133
\beamer@lastskip=\skip41
\beamer@areabox=\box44
\beamer@animcurrent=\box45
\beamer@animshowbox=\box46
\beamer@sectionbox=\box47
\beamer@logobox=\box48
\beamer@linebox=\box49
\beamer@sectioncount=\count88
\beamer@subsubsectionmax=\count89
\beamer@subsectionmax=\count90
\beamer@sectionmax=\count91
\beamer@totalheads=\count92
\beamer@headcounter=\count93
\beamer@partstartpage=\count94
\beamer@sectionstartpage=\count95
\beamer@subsectionstartpage=\count96
\beamer@animationtempa=\count97
\beamer@animationtempb=\count98
\beamer@xpos=\count99
\beamer@ypos=\count100
\beamer@ypos@offset=\count101
\beamer@showpartnumber=\count102
\beamer@currentsubsection=\count103
\beamer@coveringdepth=\count104
\beamer@sectionadjust=\count105
\beamer@tocsectionnumber=\count106
 (c:/texlive/2017/texmf-dist/tex/latex/beamer/beamerbaseoptions.sty (c:/texlive/2017/texmf-dist/tex/latex/graphics/keyval.sty
Package: keyval 2014/10/28 v1.15 key=value parser (DPC)
\KV@toks@=\toks15
))
\beamer@paperwidth=\skip42
\beamer@paperheight=\skip43
 (c:/texlive/2017/texmf-dist/tex/latex/geometry/geometry.sty
Package: geometry 2010/09/12 v5.6 Page Geometry
 (c:/texlive/2017/texmf-dist/tex/generic/oberdiek/ifvtex.sty
Package: ifvtex 2016/05/16 v1.6 Detect VTeX and its facilities (HO)
Package ifvtex Info: VTeX not detected.
) (c:/texlive/2017/texmf-dist/tex/generic/ifxetex/ifxetex.sty
Package: ifxetex 2010/09/12 v0.6 Provides ifxetex conditional
)
\Gm@cnth=\count107
\Gm@cntv=\count108
\c@Gm@tempcnt=\count109
\Gm@bindingoffset=\dimen134
\Gm@wd@mp=\dimen135
\Gm@odd@mp=\dimen136
\Gm@even@mp=\dimen137
\Gm@layoutwidth=\dimen138
\Gm@layoutheight=\dimen139
\Gm@layouthoffset=\dimen140
\Gm@layoutvoffset=\dimen141
\Gm@dimlist=\toks16
) (c:/texlive/2017/texmf-dist/tex/latex/base/size11.clo
File: size11.clo 2014/09/29 v1.4h Standard LaTeX file (size option)
LaTeX Font Info:    Font shape `JT2/mc/m/n' will be
(Font)              scaled to size 10.53629pt on input line 54.
LaTeX Font Info:    Font shape `JY2/mc/m/n' will be
(Font)              scaled to size 10.53629pt on input line 54.
) (c:/texlive/2017/texmf-dist/tex/latex/pgf/basiclayer/pgfcore.sty (c:/texlive/2017/texmf-dist/tex/latex/graphics/graphicx.sty
Package: graphicx 2017/06/01 v1.1a Enhanced LaTeX Graphics (DPC,SPQR)
 (c:/texlive/2017/texmf-dist/tex/latex/graphics/graphics.sty
Package: graphics 2017/06/25 v1.2c Standard LaTeX Graphics (DPC,SPQR)
 (c:/texlive/2017/texmf-dist/tex/latex/graphics/trig.sty
Package: trig 2016/01/03 v1.10 sin cos tan (DPC)
) (c:/texlive/2017/texmf-dist/tex/latex/graphics-cfg/graphics.cfg
File: graphics.cfg 2016/06/04 v1.11 sample graphics configuration
)
Package graphics Info: Driver file: dvipdfmx.def on input line 99.
 (c:/texlive/2017/texmf-dist/tex/latex/graphics-def/dvipdfmx.def
File: dvipdfmx.def 2017/06/24 v5.0g Graphics/color driver for dvipdfmx
))
\Gin@req@height=\dimen142
\Gin@req@width=\dimen143
) (c:/texlive/2017/texmf-dist/tex/latex/pgf/systemlayer/pgfsys.sty (c:/texlive/2017/texmf-dist/tex/latex/pgf/utilities/pgfrcs.sty (c:/texlive/2017/texmf-dist/tex/generic/pgf/utilities/pgfutil-common.tex
\pgfutil@everybye=\toks17
\pgfutil@tempdima=\dimen144
\pgfutil@tempdimb=\dimen145
 (c:/texlive/2017/texmf-dist/tex/generic/pgf/utilities/pgfutil-common-lists.tex)) (c:/texlive/2017/texmf-dist/tex/generic/pgf/utilities/pgfutil-latex.def
\pgfutil@abb=\box50
 (c:/texlive/2017/texmf-dist/tex/latex/ms/everyshi.sty
Package: everyshi 2001/05/15 v3.00 EveryShipout Package (MS)
)) (c:/texlive/2017/texmf-dist/tex/generic/pgf/utilities/pgfrcs.code.tex
Package: pgfrcs 2015/08/07 v3.0.1a (rcs-revision 1.31)
)) (c:/texlive/2017/texmf-dist/tex/generic/pgf/systemlayer/pgfsys.code.tex
Package: pgfsys 2014/07/09 v3.0.1a (rcs-revision 1.48)
 (c:/texlive/2017/texmf-dist/tex/generic/pgf/utilities/pgfkeys.code.tex
\pgfkeys@pathtoks=\toks18
\pgfkeys@temptoks=\toks19
 (c:/texlive/2017/texmf-dist/tex/generic/pgf/utilities/pgfkeysfiltered.code.tex
\pgfkeys@tmptoks=\toks20
))
\pgf@x=\dimen146
\pgf@y=\dimen147
\pgf@xa=\dimen148
\pgf@ya=\dimen149
\pgf@xb=\dimen150
\pgf@yb=\dimen151
\pgf@xc=\dimen152
\pgf@yc=\dimen153
\w@pgf@writea=\write3
\r@pgf@reada=\read1
\c@pgf@counta=\count110
\c@pgf@countb=\count111
\c@pgf@countc=\count112
\c@pgf@countd=\count113
\t@pgf@toka=\toks21
\t@pgf@tokb=\toks22
\t@pgf@tokc=\toks23
 (c:/texlive/2017/texmf-dist/tex/generic/pgf/systemlayer/pgf.cfg
File: pgf.cfg 2008/05/14  (rcs-revision 1.7)
)
Driver file for pgf: pgfsys-dvipdfmx.def
 (c:/texlive/2017/texmf-dist/tex/generic/pgf/systemlayer/pgfsys-dvipdfmx.def
File: pgfsys-dvipdfmx.def 2014/07/09  (rcs-revision 1.14)
 (c:/texlive/2017/texmf-dist/tex/generic/pgf/systemlayer/pgfsys-common-pdf.def
File: pgfsys-common-pdf.def 2013/10/10  (rcs-revision 1.13)
)
\pgfsys@objnum=\count114
)) (c:/texlive/2017/texmf-dist/tex/generic/pgf/systemlayer/pgfsyssoftpath.code.tex
File: pgfsyssoftpath.code.tex 2013/09/09  (rcs-revision 1.9)
\pgfsyssoftpath@smallbuffer@items=\count115
\pgfsyssoftpath@bigbuffer@items=\count116
) (c:/texlive/2017/texmf-dist/tex/generic/pgf/systemlayer/pgfsysprotocol.code.tex
File: pgfsysprotocol.code.tex 2006/10/16  (rcs-revision 1.4)
)) (c:/texlive/2017/texmf-dist/tex/latex/xcolor/xcolor.sty
Package: xcolor 2016/05/11 v2.12 LaTeX color extensions (UK)
 (c:/texlive/2017/texmf-dist/tex/latex/graphics-cfg/color.cfg
File: color.cfg 2016/01/02 v1.6 sample color configuration
)
Package xcolor Info: Driver file: dvipdfmx.def on input line 225.
Package xcolor Info: Model `cmy' substituted by `cmy0' on input line 1348.
Package xcolor Info: Model `RGB' extended on input line 1364.
Package xcolor Info: Model `HTML' substituted by `rgb' on input line 1366.
Package xcolor Info: Model `Hsb' substituted by `hsb' on input line 1367.
Package xcolor Info: Model `tHsb' substituted by `hsb' on input line 1368.
Package xcolor Info: Model `HSB' substituted by `hsb' on input line 1369.
Package xcolor Info: Model `Gray' substituted by `gray' on input line 1370.
Package xcolor Info: Model `wave' substituted by `hsb' on input line 1371.
) (c:/texlive/2017/texmf-dist/tex/generic/pgf/basiclayer/pgfcore.code.tex
Package: pgfcore 2010/04/11 v3.0.1a (rcs-revision 1.7)
 (c:/texlive/2017/texmf-dist/tex/generic/pgf/math/pgfmath.code.tex (c:/texlive/2017/texmf-dist/tex/generic/pgf/math/pgfmathcalc.code.tex (c:/texlive/2017/texmf-dist/tex/generic/pgf/math/pgfmathutil.code.tex) (c:/texlive/2017/texmf-dist/tex/generic/pgf/math/pgfmathparser.code.tex
\pgfmath@dimen=\dimen154
\pgfmath@count=\count117
\pgfmath@box=\box51
\pgfmath@toks=\toks24
\pgfmath@stack@operand=\toks25
\pgfmath@stack@operation=\toks26
) (c:/texlive/2017/texmf-dist/tex/generic/pgf/math/pgfmathfunctions.code.tex (c:/texlive/2017/texmf-dist/tex/generic/pgf/math/pgfmathfunctions.basic.code.tex) (c:/texlive/2017/texmf-dist/tex/generic/pgf/math/pgfmathfunctions.trigonometric.code.tex) (c:/texlive/2017/texmf-dist/tex/generic/pgf/math/pgfmathfunctions.random.code.tex) (c:/texlive/2017/texmf-dist/tex/generic/pgf/math/pgfmathfunctions.comparison.code.tex) (c:/texlive/2017/texmf-dist/tex/generic/pgf/math/pgfmathfunctions.base.code.tex) (c:/texlive/2017/texmf-dist/tex/generic/pgf/math/pgfmathfunctions.round.code.tex) (c:/texlive/2017/texmf-dist/tex/generic/pgf/math/pgfmathfunctions.misc.code.tex) (c:/texlive/2017/texmf-dist/tex/generic/pgf/math/pgfmathfunctions.integerarithmetics.code.tex))) (c:/texlive/2017/texmf-dist/tex/generic/pgf/math/pgfmathfloat.code.tex
\c@pgfmathroundto@lastzeros=\count118
)) (c:/texlive/2017/texmf-dist/tex/generic/pgf/basiclayer/pgfcorepoints.code.tex
File: pgfcorepoints.code.tex 2013/10/07  (rcs-revision 1.27)
\pgf@picminx=\dimen155
\pgf@picmaxx=\dimen156
\pgf@picminy=\dimen157
\pgf@picmaxy=\dimen158
\pgf@pathminx=\dimen159
\pgf@pathmaxx=\dimen160
\pgf@pathminy=\dimen161
\pgf@pathmaxy=\dimen162
\pgf@xx=\dimen163
\pgf@xy=\dimen164
\pgf@yx=\dimen165
\pgf@yy=\dimen166
\pgf@zx=\dimen167
\pgf@zy=\dimen168
) (c:/texlive/2017/texmf-dist/tex/generic/pgf/basiclayer/pgfcorepathconstruct.code.tex
File: pgfcorepathconstruct.code.tex 2013/10/07  (rcs-revision 1.29)
\pgf@path@lastx=\dimen169
\pgf@path@lasty=\dimen170
) (c:/texlive/2017/texmf-dist/tex/generic/pgf/basiclayer/pgfcorepathusage.code.tex
File: pgfcorepathusage.code.tex 2014/11/02  (rcs-revision 1.24)
\pgf@shorten@end@additional=\dimen171
\pgf@shorten@start@additional=\dimen172
) (c:/texlive/2017/texmf-dist/tex/generic/pgf/basiclayer/pgfcorescopes.code.tex
File: pgfcorescopes.code.tex 2015/05/08  (rcs-revision 1.46)
\pgfpic=\box52
\pgf@hbox=\box53
\pgf@layerbox@main=\box54
\pgf@picture@serial@count=\count119
) (c:/texlive/2017/texmf-dist/tex/generic/pgf/basiclayer/pgfcoregraphicstate.code.tex
File: pgfcoregraphicstate.code.tex 2014/11/02  (rcs-revision 1.12)
\pgflinewidth=\dimen173
) (c:/texlive/2017/texmf-dist/tex/generic/pgf/basiclayer/pgfcoretransformations.code.tex
File: pgfcoretransformations.code.tex 2015/08/07  (rcs-revision 1.20)
\pgf@pt@x=\dimen174
\pgf@pt@y=\dimen175
\pgf@pt@temp=\dimen176
) (c:/texlive/2017/texmf-dist/tex/generic/pgf/basiclayer/pgfcorequick.code.tex
File: pgfcorequick.code.tex 2008/10/09  (rcs-revision 1.3)
) (c:/texlive/2017/texmf-dist/tex/generic/pgf/basiclayer/pgfcoreobjects.code.tex
File: pgfcoreobjects.code.tex 2006/10/11  (rcs-revision 1.2)
) (c:/texlive/2017/texmf-dist/tex/generic/pgf/basiclayer/pgfcorepathprocessing.code.tex
File: pgfcorepathprocessing.code.tex 2013/09/09  (rcs-revision 1.9)
) (c:/texlive/2017/texmf-dist/tex/generic/pgf/basiclayer/pgfcorearrows.code.tex
File: pgfcorearrows.code.tex 2015/05/14  (rcs-revision 1.43)
\pgfarrowsep=\dimen177
) (c:/texlive/2017/texmf-dist/tex/generic/pgf/basiclayer/pgfcoreshade.code.tex
File: pgfcoreshade.code.tex 2013/07/15  (rcs-revision 1.15)
\pgf@max=\dimen178
\pgf@sys@shading@range@num=\count120
) (c:/texlive/2017/texmf-dist/tex/generic/pgf/basiclayer/pgfcoreimage.code.tex
File: pgfcoreimage.code.tex 2013/07/15  (rcs-revision 1.18)
 (c:/texlive/2017/texmf-dist/tex/generic/pgf/basiclayer/pgfcoreexternal.code.tex
File: pgfcoreexternal.code.tex 2014/07/09  (rcs-revision 1.21)
\pgfexternal@startupbox=\box55
)) (c:/texlive/2017/texmf-dist/tex/generic/pgf/basiclayer/pgfcorelayers.code.tex
File: pgfcorelayers.code.tex 2013/07/18  (rcs-revision 1.7)
) (c:/texlive/2017/texmf-dist/tex/generic/pgf/basiclayer/pgfcoretransparency.code.tex
File: pgfcoretransparency.code.tex 2013/09/30  (rcs-revision 1.5)
) (c:/texlive/2017/texmf-dist/tex/generic/pgf/basiclayer/pgfcorepatterns.code.tex
File: pgfcorepatterns.code.tex 2013/11/07  (rcs-revision 1.5)
))) (c:/texlive/2017/texmf-dist/tex/latex/pgf/utilities/xxcolor.sty
Package: xxcolor 2003/10/24 ver 0.1
\XC@nummixins=\count121
\XC@countmixins=\count122
) (c:/texlive/2017/texmf-dist/tex/generic/oberdiek/atbegshi.sty
Package: atbegshi 2016/06/09 v1.18 At begin shipout hook (HO)
 (c:/texlive/2017/texmf-dist/tex/generic/oberdiek/infwarerr.sty
Package: infwarerr 2016/05/16 v1.4 Providing info/warning/error messages (HO)
) (c:/texlive/2017/texmf-dist/tex/generic/oberdiek/ltxcmds.sty
Package: ltxcmds 2016/05/16 v1.23 LaTeX kernel commands for general use (HO)
)) (c:/texlive/2017/texmf-dist/tex/latex/hyperref/hyperref.sty
Package: hyperref 2018/02/06 v6.86b Hypertext links for LaTeX
 (c:/texlive/2017/texmf-dist/tex/generic/oberdiek/hobsub-hyperref.sty
Package: hobsub-hyperref 2016/05/16 v1.14 Bundle oberdiek, subset hyperref (HO)
 (c:/texlive/2017/texmf-dist/tex/generic/oberdiek/hobsub-generic.sty
Package: hobsub-generic 2016/05/16 v1.14 Bundle oberdiek, subset generic (HO)
Package: hobsub 2016/05/16 v1.14 Construct package bundles (HO)
Package hobsub Info: Skipping package `infwarerr' (already loaded).
Package hobsub Info: Skipping package `ltxcmds' (already loaded).
Package: ifluatex 2016/05/16 v1.4 Provides the ifluatex switch (HO)
Package ifluatex Info: LuaTeX not detected.
Package hobsub Info: Skipping package `ifvtex' (already loaded).
Package: intcalc 2016/05/16 v1.2 Expandable calculations with integers (HO)
Package hobsub Info: Skipping package `ifpdf' (already loaded).
Package: etexcmds 2016/05/16 v1.6 Avoid name clashes with e-TeX commands (HO)
Package etexcmds Info: Could not find \expanded.
(etexcmds)             That can mean that you are not using pdfTeX 1.50 or
(etexcmds)             that some package has redefined \expanded.
(etexcmds)             In the latter case, load this package earlier.
Package: kvsetkeys 2016/05/16 v1.17 Key value parser (HO)
Package: kvdefinekeys 2016/05/16 v1.4 Define keys (HO)
Package: pdftexcmds 2018/01/21 v0.26 Utility functions of pdfTeX for LuaTeX (HO)
Package pdftexcmds Info: LuaTeX not detected.
Package pdftexcmds Info: pdfTeX >= 1.30 not detected.
Package pdftexcmds Info: \pdf@primitive is available.
Package pdftexcmds Info: \pdf@ifprimitive is available.
Package pdftexcmds Info: \pdfdraftmode not found.
Package: pdfescape 2016/05/16 v1.14 Implements pdfTeX's escape features (HO)
Package: bigintcalc 2016/05/16 v1.4 Expandable calculations on big integers (HO)
Package: bitset 2016/05/16 v1.2 Handle bit-vector datatype (HO)
Package: uniquecounter 2016/05/16 v1.3 Provide unlimited unique counter (HO)
)
Package hobsub Info: Skipping package `hobsub' (already loaded).
Package: letltxmacro 2016/05/16 v1.5 Let assignment for LaTeX macros (HO)
Package: hopatch 2016/05/16 v1.3 Wrapper for package hooks (HO)
Package: xcolor-patch 2016/05/16 xcolor patch
Package: atveryend 2016/05/16 v1.9 Hooks at the very end of document (HO)
Package hobsub Info: Skipping package `atbegshi' (already loaded).
Package: refcount 2016/05/16 v3.5 Data extraction from label references (HO)
Package: hycolor 2016/05/16 v1.8 Color options for hyperref/bookmark (HO)
) (c:/texlive/2017/texmf-dist/tex/latex/oberdiek/auxhook.sty
Package: auxhook 2016/05/16 v1.4 Hooks for auxiliary files (HO)
) (c:/texlive/2017/texmf-dist/tex/latex/oberdiek/kvoptions.sty
Package: kvoptions 2016/05/16 v3.12 Key value format for package options (HO)
)
\@linkdim=\dimen179
\Hy@linkcounter=\count123
\Hy@pagecounter=\count124
 (c:/texlive/2017/texmf-dist/tex/latex/hyperref/pd1enc.def
File: pd1enc.def 2018/02/06 v6.86b Hyperref: PDFDocEncoding definition (HO)
)
\Hy@SavedSpaceFactor=\count125
 (c:/texlive/2017/texmf-dist/tex/latex/latexconfig/hyperref.cfg
File: hyperref.cfg 2002/06/06 v1.2 hyperref configuration of TeXLive
)
Package hyperref Info: Option `bookmarks' set `true' on input line 4383.
Package hyperref Info: Option `bookmarksopen' set `true' on input line 4383.
Package hyperref Info: Option `implicit' set `false' on input line 4383.
Package hyperref Info: Hyper figures OFF on input line 4509.
Package hyperref Info: Link nesting OFF on input line 4514.
Package hyperref Info: Hyper index ON on input line 4517.
Package hyperref Info: Plain pages OFF on input line 4524.
Package hyperref Info: Backreferencing OFF on input line 4529.
Package hyperref Info: Implicit mode OFF; no redefinition of LaTeX internals.
Package hyperref Info: Bookmarks ON on input line 4762.
\c@Hy@tempcnt=\count126
 (c:/texlive/2017/texmf-dist/tex/latex/url/url.sty
\Urlmuskip=\muskip10
Package: url 2013/09/16  ver 3.4  Verb mode for urls, etc.
)
LaTeX Info: Redefining \url on input line 5115.
\XeTeXLinkMargin=\dimen180
\Fld@menulength=\count127
\Field@Width=\dimen181
\Fld@charsize=\dimen182
Package hyperref Info: Hyper figures OFF on input line 6369.
Package hyperref Info: Link nesting OFF on input line 6374.
Package hyperref Info: Hyper index ON on input line 6377.
Package hyperref Info: backreferencing OFF on input line 6384.
Package hyperref Info: Link coloring OFF on input line 6389.
Package hyperref Info: Link coloring with OCG OFF on input line 6394.
Package hyperref Info: PDF/A mode OFF on input line 6399.
LaTeX Info: Redefining \ref on input line 6439.
LaTeX Info: Redefining \pageref on input line 6443.
\Hy@abspage=\count128


Package hyperref Message: Stopped early.

)
Package hyperref Info: Driver: hdvipdfm.
 (c:/texlive/2017/texmf-dist/tex/latex/hyperref/hdvipdfm.def
File: hdvipdfm.def 2018/02/06 v6.86b Hyperref driver for dvipdfm
\pdfm@box=\box56
\c@Hy@AnnotLevel=\count129
\HyField@AnnotCount=\count130
\Fld@listcount=\count131
\c@bookmark@seq@number=\count132
 (c:/texlive/2017/texmf-dist/tex/latex/oberdiek/rerunfilecheck.sty
Package: rerunfilecheck 2016/05/16 v1.8 Rerun checks for auxiliary files (HO)
Package uniquecounter Info: New unique counter `rerunfilecheck' on input line 282.
)) (c:/texlive/2017/texmf-dist/tex/latex/beamer/beamerbaserequires.sty (c:/texlive/2017/texmf-dist/tex/latex/beamer/beamerbasecompatibility.sty) (c:/texlive/2017/texmf-dist/tex/latex/beamer/beamerbasefont.sty (c:/texlive/2017/texmf-dist/tex/latex/amsfonts/amssymb.sty
Package: amssymb 2013/01/14 v3.01 AMS font symbols
 (c:/texlive/2017/texmf-dist/tex/latex/amsfonts/amsfonts.sty
Package: amsfonts 2013/01/14 v3.01 Basic AMSFonts support
\@emptytoks=\toks27
\symAMSa=\mathgroup4
\symAMSb=\mathgroup5
LaTeX Font Info:    Overwriting math alphabet `\mathfrak' in version `bold'
(Font)                  U/euf/m/n --> U/euf/b/n on input line 106.
)) (c:/texlive/2017/texmf-dist/tex/latex/sansmathaccent/sansmathaccent.sty
Package: sansmathaccent 2013/03/28
 (c:/texlive/2017/texmf-dist/tex/latex/filehook/filehook.sty
Package: filehook 2011/10/12 v0.5d Hooks for input files
))) (c:/texlive/2017/texmf-dist/tex/latex/beamer/beamerbasetranslator.sty (c:/texlive/2017/texmf-dist/tex/latex/translator/translator.sty
Package: translator 2018/01/04 v1.12 Easy translation of strings in LaTeX
)) (c:/texlive/2017/texmf-dist/tex/latex/beamer/beamerbasemisc.sty) (c:/texlive/2017/texmf-dist/tex/latex/beamer/beamerbasetwoscreens.sty) (c:/texlive/2017/texmf-dist/tex/latex/beamer/beamerbaseoverlay.sty
\beamer@argscount=\count133
\beamer@lastskipcover=\skip44
\beamer@trivlistdepth=\count134
) (c:/texlive/2017/texmf-dist/tex/latex/beamer/beamerbasetitle.sty) (c:/texlive/2017/texmf-dist/tex/latex/beamer/beamerbasesection.sty
\c@lecture=\count135
\c@part=\count136
\c@section=\count137
\c@subsection=\count138
\c@subsubsection=\count139
) (c:/texlive/2017/texmf-dist/tex/latex/beamer/beamerbaseframe.sty
\beamer@framebox=\box57
\beamer@frametitlebox=\box58
\beamer@zoombox=\box59
\beamer@zoomcount=\count140
\beamer@zoomframecount=\count141
\beamer@frametextheight=\dimen183
\c@subsectionslide=\count142
\beamer@frametopskip=\skip45
\beamer@framebottomskip=\skip46
\beamer@frametopskipautobreak=\skip47
\beamer@framebottomskipautobreak=\skip48
\beamer@envbody=\toks28
\framewidth=\dimen184
\c@framenumber=\count143
) (c:/texlive/2017/texmf-dist/tex/latex/beamer/beamerbaseverbatim.sty
\beamer@verbatimfileout=\write4
) (c:/texlive/2017/texmf-dist/tex/latex/beamer/beamerbaseframesize.sty
\beamer@splitbox=\box60
\beamer@autobreakcount=\count144
\beamer@autobreaklastheight=\dimen185
\beamer@frametitletoks=\toks29
\beamer@framesubtitletoks=\toks30
) (c:/texlive/2017/texmf-dist/tex/latex/beamer/beamerbaseframecomponents.sty
\beamer@footins=\box61
) (c:/texlive/2017/texmf-dist/tex/latex/beamer/beamerbasecolor.sty
\beamer@bg@ht=\dimen186
\beamer@bg@wd=\dimen187
\beamer@bg@dp=\dimen188
) (c:/texlive/2017/texmf-dist/tex/latex/beamer/beamerbasenotes.sty
\beamer@frameboxcopy=\box62
) (c:/texlive/2017/texmf-dist/tex/latex/beamer/beamerbasetoc.sty) (c:/texlive/2017/texmf-dist/tex/latex/beamer/beamerbasetemplates.sty
\beamer@sbttoks=\toks31
 (c:/texlive/2017/texmf-dist/tex/latex/beamer/beamerbaseauxtemplates.sty (c:/texlive/2017/texmf-dist/tex/latex/beamer/beamerbaseboxes.sty
\bmb@box=\box63
\bmb@colorbox=\box64
\bmb@boxshadow=\box65
\bmb@boxshadowball=\box66
\bmb@boxshadowballlarge=\box67
\bmb@temp=\dimen189
\bmb@dima=\dimen190
\bmb@dimb=\dimen191
\bmb@prevheight=\dimen192
)
\beamer@blockheadheight=\dimen193
)) (c:/texlive/2017/texmf-dist/tex/latex/beamer/beamerbaselocalstructure.sty (c:/texlive/2017/texmf-dist/tex/latex/tools/enumerate.sty
Package: enumerate 2015/07/23 v3.00 enumerate extensions (DPC)
\@enLab=\toks32
)
\c@figure=\count145
\c@table=\count146
\abovecaptionskip=\skip49
\belowcaptionskip=\skip50
) (c:/texlive/2017/texmf-dist/tex/latex/beamer/beamerbasenavigation.sty
\beamer@section@min@dim=\dimen194
) (c:/texlive/2017/texmf-dist/tex/latex/beamer/beamerbasetheorems.sty (c:/texlive/2017/texmf-dist/tex/latex/amsmath/amsmath.sty
Package: amsmath 2017/09/02 v2.17a AMS math features
\@mathmargin=\skip51

For additional information on amsmath, use the `?' option.
(c:/texlive/2017/texmf-dist/tex/latex/amsmath/amstext.sty
Package: amstext 2000/06/29 v2.01 AMS text
 (c:/texlive/2017/texmf-dist/tex/latex/amsmath/amsgen.sty
File: amsgen.sty 1999/11/30 v2.0 generic functions
\@emptytoks=\toks33
\ex@=\dimen195
)) (c:/texlive/2017/texmf-dist/tex/latex/amsmath/amsbsy.sty
Package: amsbsy 1999/11/29 v1.2d Bold Symbols
\pmbraise@=\dimen196
) (c:/texlive/2017/texmf-dist/tex/latex/amsmath/amsopn.sty
Package: amsopn 2016/03/08 v2.02 operator names
)
\inf@bad=\count147
LaTeX Info: Redefining \frac on input line 213.
\uproot@=\count148
\leftroot@=\count149
LaTeX Info: Redefining \overline on input line 375.
\classnum@=\count150
\DOTSCASE@=\count151
LaTeX Info: Redefining \ldots on input line 472.
LaTeX Info: Redefining \dots on input line 475.
LaTeX Info: Redefining \cdots on input line 596.
\Mathstrutbox@=\box68
\strutbox@=\box69
\big@size=\dimen197
LaTeX Font Info:    Redeclaring font encoding OML on input line 712.
LaTeX Font Info:    Redeclaring font encoding OMS on input line 713.
\macc@depth=\count152
\c@MaxMatrixCols=\count153
\dotsspace@=\muskip11
\c@parentequation=\count154
\dspbrk@lvl=\count155
\tag@help=\toks34
\row@=\count156
\column@=\count157
\maxfields@=\count158
\andhelp@=\toks35
\eqnshift@=\dimen198
\alignsep@=\dimen199
\tagshift@=\dimen256
\tagwidth@=\dimen257
\totwidth@=\dimen258
\lineht@=\dimen259
\@envbody=\toks36
\multlinegap=\skip52
\multlinetaggap=\skip53
\mathdisplay@stack=\toks37
LaTeX Info: Redefining \[ on input line 2817.
LaTeX Info: Redefining \] on input line 2818.
) (c:/texlive/2017/texmf-dist/tex/latex/amscls/amsthm.sty
Package: amsthm 2017/10/31 v2.20.4
\thm@style=\toks38
\thm@bodyfont=\toks39
\thm@headfont=\toks40
\thm@notefont=\toks41
\thm@headpunct=\toks42
\thm@preskip=\skip54
\thm@postskip=\skip55
\thm@headsep=\skip56
\dth@everypar=\toks43
)) (c:/texlive/2017/texmf-dist/tex/latex/beamer/beamerbasethemes.sty)) (c:/texlive/2017/texmf-dist/tex/latex/beamer/beamerthemedefault.sty (c:/texlive/2017/texmf-dist/tex/latex/beamer/beamerfontthemedefault.sty) (c:/texlive/2017/texmf-dist/tex/latex/beamer/beamercolorthemedefault.sty) (c:/texlive/2017/texmf-dist/tex/latex/beamer/beamerinnerthemedefault.sty
\beamer@dima=\dimen260
\beamer@dimb=\dimen261
) (c:/texlive/2017/texmf-dist/tex/latex/beamer/beamerouterthemedefault.sty))) (c:/texlive/2017/texmf-dist/tex/latex/bxdpx-beamer/bxdpx-beamer.sty
Package: bxdpx-beamer 2016/08/06 v0.3
\bxqbd@ghost=\box70
) (c:/texlive/2017/texmf-dist/tex/platex/pxjahyper/pxjahyper.sty
Package: pxjahyper 2018/01/25 v0.3c
LaTeX Info: Composite with undeclared \u in encoding PD1 on input line 828.
LaTeX Info: Composite with undeclared \H in encoding PD1 on input line 837.
) (c:/texlive/2017/texmf-dist/tex/platex/jsclasses/minijs.sty
Package: minijs 2016/07/16 okumura, texjporg
LaTeX Info: Redefining \rmfamily on input line 40.
LaTeX Info: Redefining \sffamily on input line 43.
LaTeX Info: Redefining \ttfamily on input line 46.
) (c:/texlive/2017/texmf-dist/tex/latex/beamer/beamerthemeMadrid.sty (c:/texlive/2017/texmf-dist/tex/latex/beamer/beamercolorthemewhale.sty) (c:/texlive/2017/texmf-dist/tex/latex/beamer/beamercolorthemeorchid.sty) (c:/texlive/2017/texmf-dist/tex/latex/beamer/beamerinnerthemerounded.sty) (c:/texlive/2017/texmf-dist/tex/latex/beamer/beamerouterthemeinfolines.sty)) (c:/texlive/2017/texmf-dist/tex/latex/beamer/beamerfontthemeprofessionalfonts.sty)
\c@theorem=\count159
\c@definition=\count160
\c@proposition=\count161
\c@lemma=\count162
\c@corollary=\count163
\c@conjecture=\count164
 (c:/texlive/2017/texmf-dist/tex/latex/base/fontenc.sty
Package: fontenc 2017/04/05 v2.0i Standard LaTeX package
 (c:/texlive/2017/texmf-dist/tex/latex/base/t1enc.def
File: t1enc.def 2017/04/05 v2.0i Standard LaTeX file
LaTeX Font Info:    Redeclaring font encoding T1 on input line 48.
)) (c:/texlive/2017/texmf-dist/tex/latex/base/textcomp.sty
Package: textcomp 2017/04/05 v2.0i Standard LaTeX package
Package textcomp Info: Sub-encoding information:
(textcomp)               5 = only ISO-Adobe without \textcurrency
(textcomp)               4 = 5 + \texteuro
(textcomp)               3 = 4 + \textohm
(textcomp)               2 = 3 + \textestimated + \textcurrency
(textcomp)               1 = TS1 - \textcircled - \t
(textcomp)               0 = TS1 (full)
(textcomp)             Font families with sub-encoding setting implement
(textcomp)             only a restricted character set as indicated.
(textcomp)             Family '?' is the default used for unknown fonts.
(textcomp)             See the documentation for details.
Package textcomp Info: Setting ? sub-encoding to TS1/1 on input line 79.
 (c:/texlive/2017/texmf-dist/tex/latex/base/ts1enc.def
File: ts1enc.def 2001/06/05 v3.0e (jk/car/fm) Standard LaTeX file
)
LaTeX Info: Redefining \oldstylenums on input line 334.
Package textcomp Info: Setting cmr sub-encoding to TS1/0 on input line 349.
Package textcomp Info: Setting cmss sub-encoding to TS1/0 on input line 350.
Package textcomp Info: Setting cmtt sub-encoding to TS1/0 on input line 351.
Package textcomp Info: Setting cmvtt sub-encoding to TS1/0 on input line 352.
Package textcomp Info: Setting cmbr sub-encoding to TS1/0 on input line 353.
Package textcomp Info: Setting cmtl sub-encoding to TS1/0 on input line 354.
Package textcomp Info: Setting ccr sub-encoding to TS1/0 on input line 355.
Package textcomp Info: Setting ptm sub-encoding to TS1/4 on input line 356.
Package textcomp Info: Setting pcr sub-encoding to TS1/4 on input line 357.
Package textcomp Info: Setting phv sub-encoding to TS1/4 on input line 358.
Package textcomp Info: Setting ppl sub-encoding to TS1/3 on input line 359.
Package textcomp Info: Setting pag sub-encoding to TS1/4 on input line 360.
Package textcomp Info: Setting pbk sub-encoding to TS1/4 on input line 361.
Package textcomp Info: Setting pnc sub-encoding to TS1/4 on input line 362.
Package textcomp Info: Setting pzc sub-encoding to TS1/4 on input line 363.
Package textcomp Info: Setting bch sub-encoding to TS1/4 on input line 364.
Package textcomp Info: Setting put sub-encoding to TS1/5 on input line 365.
Package textcomp Info: Setting uag sub-encoding to TS1/5 on input line 366.
Package textcomp Info: Setting ugq sub-encoding to TS1/5 on input line 367.
Package textcomp Info: Setting ul8 sub-encoding to TS1/4 on input line 368.
Package textcomp Info: Setting ul9 sub-encoding to TS1/4 on input line 369.
Package textcomp Info: Setting augie sub-encoding to TS1/5 on input line 370.
Package textcomp Info: Setting dayrom sub-encoding to TS1/3 on input line 371.
Package textcomp Info: Setting dayroms sub-encoding to TS1/3 on input line 372.
Package textcomp Info: Setting pxr sub-encoding to TS1/0 on input line 373.
Package textcomp Info: Setting pxss sub-encoding to TS1/0 on input line 374.
Package textcomp Info: Setting pxtt sub-encoding to TS1/0 on input line 375.
Package textcomp Info: Setting txr sub-encoding to TS1/0 on input line 376.
Package textcomp Info: Setting txss sub-encoding to TS1/0 on input line 377.
Package textcomp Info: Setting txtt sub-encoding to TS1/0 on input line 378.
Package textcomp Info: Setting lmr sub-encoding to TS1/0 on input line 379.
Package textcomp Info: Setting lmdh sub-encoding to TS1/0 on input line 380.
Package textcomp Info: Setting lmss sub-encoding to TS1/0 on input line 381.
Package textcomp Info: Setting lmssq sub-encoding to TS1/0 on input line 382.
Package textcomp Info: Setting lmvtt sub-encoding to TS1/0 on input line 383.
Package textcomp Info: Setting lmtt sub-encoding to TS1/0 on input line 384.
Package textcomp Info: Setting qhv sub-encoding to TS1/0 on input line 385.
Package textcomp Info: Setting qag sub-encoding to TS1/0 on input line 386.
Package textcomp Info: Setting qbk sub-encoding to TS1/0 on input line 387.
Package textcomp Info: Setting qcr sub-encoding to TS1/0 on input line 388.
Package textcomp Info: Setting qcs sub-encoding to TS1/0 on input line 389.
Package textcomp Info: Setting qpl sub-encoding to TS1/0 on input line 390.
Package textcomp Info: Setting qtm sub-encoding to TS1/0 on input line 391.
Package textcomp Info: Setting qzc sub-encoding to TS1/0 on input line 392.
Package textcomp Info: Setting qhvc sub-encoding to TS1/0 on input line 393.
Package textcomp Info: Setting futs sub-encoding to TS1/4 on input line 394.
Package textcomp Info: Setting futx sub-encoding to TS1/4 on input line 395.
Package textcomp Info: Setting futj sub-encoding to TS1/4 on input line 396.
Package textcomp Info: Setting hlh sub-encoding to TS1/3 on input line 397.
Package textcomp Info: Setting hls sub-encoding to TS1/3 on input line 398.
Package textcomp Info: Setting hlst sub-encoding to TS1/3 on input line 399.
Package textcomp Info: Setting hlct sub-encoding to TS1/5 on input line 400.
Package textcomp Info: Setting hlx sub-encoding to TS1/5 on input line 401.
Package textcomp Info: Setting hlce sub-encoding to TS1/5 on input line 402.
Package textcomp Info: Setting hlcn sub-encoding to TS1/5 on input line 403.
Package textcomp Info: Setting hlcw sub-encoding to TS1/5 on input line 404.
Package textcomp Info: Setting hlcf sub-encoding to TS1/5 on input line 405.
Package textcomp Info: Setting pplx sub-encoding to TS1/3 on input line 406.
Package textcomp Info: Setting pplj sub-encoding to TS1/3 on input line 407.
Package textcomp Info: Setting ptmx sub-encoding to TS1/4 on input line 408.
Package textcomp Info: Setting ptmj sub-encoding to TS1/4 on input line 409.
) (c:/texlive/2017/texmf-dist/tex/latex/base/inputenc.sty
Package: inputenc 2015/03/17 v1.2c Input encoding file
\inpenc@prehook=\toks44
\inpenc@posthook=\toks45
 (c:/texlive/2017/texmf-dist/tex/latex/base/utf8.def
File: utf8.def 2017/01/28 v1.1t UTF-8 support for inputenc
Now handling font encoding OML ...
... no UTF-8 mapping file for font encoding OML
Now handling font encoding T1 ...
... processing UTF-8 mapping file for font encoding T1
 (c:/texlive/2017/texmf-dist/tex/latex/base/t1enc.dfu
File: t1enc.dfu 2017/01/28 v1.1t UTF-8 support for inputenc
   defining Unicode char U+00A0 (decimal 160)
   defining Unicode char U+00A1 (decimal 161)
   defining Unicode char U+00A3 (decimal 163)
   defining Unicode char U+00AB (decimal 171)
   defining Unicode char U+00AD (decimal 173)
   defining Unicode char U+00BB (decimal 187)
   defining Unicode char U+00BF (decimal 191)
   defining Unicode char U+00C0 (decimal 192)
   defining Unicode char U+00C1 (decimal 193)
   defining Unicode char U+00C2 (decimal 194)
   defining Unicode char U+00C3 (decimal 195)
   defining Unicode char U+00C4 (decimal 196)
   defining Unicode char U+00C5 (decimal 197)
   defining Unicode char U+00C6 (decimal 198)
   defining Unicode char U+00C7 (decimal 199)
   defining Unicode char U+00C8 (decimal 200)
   defining Unicode char U+00C9 (decimal 201)
   defining Unicode char U+00CA (decimal 202)
   defining Unicode char U+00CB (decimal 203)
   defining Unicode char U+00CC (decimal 204)
   defining Unicode char U+00CD (decimal 205)
   defining Unicode char U+00CE (decimal 206)
   defining Unicode char U+00CF (decimal 207)
   defining Unicode char U+00D0 (decimal 208)
   defining Unicode char U+00D1 (decimal 209)
   defining Unicode char U+00D2 (decimal 210)
   defining Unicode char U+00D3 (decimal 211)
   defining Unicode char U+00D4 (decimal 212)
   defining Unicode char U+00D5 (decimal 213)
   defining Unicode char U+00D6 (decimal 214)
   defining Unicode char U+00D8 (decimal 216)
   defining Unicode char U+00D9 (decimal 217)
   defining Unicode char U+00DA (decimal 218)
   defining Unicode char U+00DB (decimal 219)
   defining Unicode char U+00DC (decimal 220)
   defining Unicode char U+00DD (decimal 221)
   defining Unicode char U+00DE (decimal 222)
   defining Unicode char U+00DF (decimal 223)
   defining Unicode char U+00E0 (decimal 224)
   defining Unicode char U+00E1 (decimal 225)
   defining Unicode char U+00E2 (decimal 226)
   defining Unicode char U+00E3 (decimal 227)
   defining Unicode char U+00E4 (decimal 228)
   defining Unicode char U+00E5 (decimal 229)
   defining Unicode char U+00E6 (decimal 230)
   defining Unicode char U+00E7 (decimal 231)
   defining Unicode char U+00E8 (decimal 232)
   defining Unicode char U+00E9 (decimal 233)
   defining Unicode char U+00EA (decimal 234)
   defining Unicode char U+00EB (decimal 235)
   defining Unicode char U+00EC (decimal 236)
   defining Unicode char U+00ED (decimal 237)
   defining Unicode char U+00EE (decimal 238)
   defining Unicode char U+00EF (decimal 239)
   defining Unicode char U+00F0 (decimal 240)
   defining Unicode char U+00F1 (decimal 241)
   defining Unicode char U+00F2 (decimal 242)
   defining Unicode char U+00F3 (decimal 243)
   defining Unicode char U+00F4 (decimal 244)
   defining Unicode char U+00F5 (decimal 245)
   defining Unicode char U+00F6 (decimal 246)
   defining Unicode char U+00F8 (decimal 248)
   defining Unicode char U+00F9 (decimal 249)
   defining Unicode char U+00FA (decimal 250)
   defining Unicode char U+00FB (decimal 251)
   defining Unicode char U+00FC (decimal 252)
   defining Unicode char U+00FD (decimal 253)
   defining Unicode char U+00FE (decimal 254)
   defining Unicode char U+00FF (decimal 255)
   defining Unicode char U+0100 (decimal 256)
   defining Unicode char U+0101 (decimal 257)
   defining Unicode char U+0102 (decimal 258)
   defining Unicode char U+0103 (decimal 259)
   defining Unicode char U+0104 (decimal 260)
   defining Unicode char U+0105 (decimal 261)
   defining Unicode char U+0106 (decimal 262)
   defining Unicode char U+0107 (decimal 263)
   defining Unicode char U+0108 (decimal 264)
   defining Unicode char U+0109 (decimal 265)
   defining Unicode char U+010A (decimal 266)
   defining Unicode char U+010B (decimal 267)
   defining Unicode char U+010C (decimal 268)
   defining Unicode char U+010D (decimal 269)
   defining Unicode char U+010E (decimal 270)
   defining Unicode char U+010F (decimal 271)
   defining Unicode char U+0110 (decimal 272)
   defining Unicode char U+0111 (decimal 273)
   defining Unicode char U+0112 (decimal 274)
   defining Unicode char U+0113 (decimal 275)
   defining Unicode char U+0114 (decimal 276)
   defining Unicode char U+0115 (decimal 277)
   defining Unicode char U+0116 (decimal 278)
   defining Unicode char U+0117 (decimal 279)
   defining Unicode char U+0118 (decimal 280)
   defining Unicode char U+0119 (decimal 281)
   defining Unicode char U+011A (decimal 282)
   defining Unicode char U+011B (decimal 283)
   defining Unicode char U+011C (decimal 284)
   defining Unicode char U+011D (decimal 285)
   defining Unicode char U+011E (decimal 286)
   defining Unicode char U+011F (decimal 287)
   defining Unicode char U+0120 (decimal 288)
   defining Unicode char U+0121 (decimal 289)
   defining Unicode char U+0122 (decimal 290)
   defining Unicode char U+0123 (decimal 291)
   defining Unicode char U+0124 (decimal 292)
   defining Unicode char U+0125 (decimal 293)
   defining Unicode char U+0128 (decimal 296)
   defining Unicode char U+0129 (decimal 297)
   defining Unicode char U+012A (decimal 298)
   defining Unicode char U+012B (decimal 299)
   defining Unicode char U+012C (decimal 300)
   defining Unicode char U+012D (decimal 301)
   defining Unicode char U+012E (decimal 302)
   defining Unicode char U+012F (decimal 303)
   defining Unicode char U+0130 (decimal 304)
   defining Unicode char U+0131 (decimal 305)
   defining Unicode char U+0132 (decimal 306)
   defining Unicode char U+0133 (decimal 307)
   defining Unicode char U+0134 (decimal 308)
   defining Unicode char U+0135 (decimal 309)
   defining Unicode char U+0136 (decimal 310)
   defining Unicode char U+0137 (decimal 311)
   defining Unicode char U+0139 (decimal 313)
   defining Unicode char U+013A (decimal 314)
   defining Unicode char U+013B (decimal 315)
   defining Unicode char U+013C (decimal 316)
   defining Unicode char U+013D (decimal 317)
   defining Unicode char U+013E (decimal 318)
   defining Unicode char U+0141 (decimal 321)
   defining Unicode char U+0142 (decimal 322)
   defining Unicode char U+0143 (decimal 323)
   defining Unicode char U+0144 (decimal 324)
   defining Unicode char U+0145 (decimal 325)
   defining Unicode char U+0146 (decimal 326)
   defining Unicode char U+0147 (decimal 327)
   defining Unicode char U+0148 (decimal 328)
   defining Unicode char U+014A (decimal 330)
   defining Unicode char U+014B (decimal 331)
   defining Unicode char U+014C (decimal 332)
   defining Unicode char U+014D (decimal 333)
   defining Unicode char U+014E (decimal 334)
   defining Unicode char U+014F (decimal 335)
   defining Unicode char U+0150 (decimal 336)
   defining Unicode char U+0151 (decimal 337)
   defining Unicode char U+0152 (decimal 338)
   defining Unicode char U+0153 (decimal 339)
   defining Unicode char U+0154 (decimal 340)
   defining Unicode char U+0155 (decimal 341)
   defining Unicode char U+0156 (decimal 342)
   defining Unicode char U+0157 (decimal 343)
   defining Unicode char U+0158 (decimal 344)
   defining Unicode char U+0159 (decimal 345)
   defining Unicode char U+015A (decimal 346)
   defining Unicode char U+015B (decimal 347)
   defining Unicode char U+015C (decimal 348)
   defining Unicode char U+015D (decimal 349)
   defining Unicode char U+015E (decimal 350)
   defining Unicode char U+015F (decimal 351)
   defining Unicode char U+0160 (decimal 352)
   defining Unicode char U+0161 (decimal 353)
   defining Unicode char U+0162 (decimal 354)
   defining Unicode char U+0163 (decimal 355)
   defining Unicode char U+0164 (decimal 356)
   defining Unicode char U+0165 (decimal 357)
   defining Unicode char U+0168 (decimal 360)
   defining Unicode char U+0169 (decimal 361)
   defining Unicode char U+016A (decimal 362)
   defining Unicode char U+016B (decimal 363)
   defining Unicode char U+016C (decimal 364)
   defining Unicode char U+016D (decimal 365)
   defining Unicode char U+016E (decimal 366)
   defining Unicode char U+016F (decimal 367)
   defining Unicode char U+0170 (decimal 368)
   defining Unicode char U+0171 (decimal 369)
   defining Unicode char U+0172 (decimal 370)
   defining Unicode char U+0173 (decimal 371)
   defining Unicode char U+0174 (decimal 372)
   defining Unicode char U+0175 (decimal 373)
   defining Unicode char U+0176 (decimal 374)
   defining Unicode char U+0177 (decimal 375)
   defining Unicode char U+0178 (decimal 376)
   defining Unicode char U+0179 (decimal 377)
   defining Unicode char U+017A (decimal 378)
   defining Unicode char U+017B (decimal 379)
   defining Unicode char U+017C (decimal 380)
   defining Unicode char U+017D (decimal 381)
   defining Unicode char U+017E (decimal 382)
   defining Unicode char U+01CD (decimal 461)
   defining Unicode char U+01CE (decimal 462)
   defining Unicode char U+01CF (decimal 463)
   defining Unicode char U+01D0 (decimal 464)
   defining Unicode char U+01D1 (decimal 465)
   defining Unicode char U+01D2 (decimal 466)
   defining Unicode char U+01D3 (decimal 467)
   defining Unicode char U+01D4 (decimal 468)
   defining Unicode char U+01E2 (decimal 482)
   defining Unicode char U+01E3 (decimal 483)
   defining Unicode char U+01E6 (decimal 486)
   defining Unicode char U+01E7 (decimal 487)
   defining Unicode char U+01E8 (decimal 488)
   defining Unicode char U+01E9 (decimal 489)
   defining Unicode char U+01EA (decimal 490)
   defining Unicode char U+01EB (decimal 491)
   defining Unicode char U+01F0 (decimal 496)
   defining Unicode char U+01F4 (decimal 500)
   defining Unicode char U+01F5 (decimal 501)
   defining Unicode char U+0218 (decimal 536)
   defining Unicode char U+0219 (decimal 537)
   defining Unicode char U+021A (decimal 538)
   defining Unicode char U+021B (decimal 539)
   defining Unicode char U+0232 (decimal 562)
   defining Unicode char U+0233 (decimal 563)
   defining Unicode char U+1E02 (decimal 7682)
   defining Unicode char U+1E03 (decimal 7683)
   defining Unicode char U+200C (decimal 8204)
   defining Unicode char U+2010 (decimal 8208)
   defining Unicode char U+2011 (decimal 8209)
   defining Unicode char U+2012 (decimal 8210)
   defining Unicode char U+2013 (decimal 8211)
   defining Unicode char U+2014 (decimal 8212)
   defining Unicode char U+2015 (decimal 8213)
   defining Unicode char U+2018 (decimal 8216)
   defining Unicode char U+2019 (decimal 8217)
   defining Unicode char U+201A (decimal 8218)
   defining Unicode char U+201C (decimal 8220)
   defining Unicode char U+201D (decimal 8221)
   defining Unicode char U+201E (decimal 8222)
   defining Unicode char U+2030 (decimal 8240)
   defining Unicode char U+2031 (decimal 8241)
   defining Unicode char U+2039 (decimal 8249)
   defining Unicode char U+203A (decimal 8250)
   defining Unicode char U+2423 (decimal 9251)
   defining Unicode char U+1E20 (decimal 7712)
   defining Unicode char U+1E21 (decimal 7713)
)
Now handling font encoding OT1 ...
... processing UTF-8 mapping file for font encoding OT1
 (c:/texlive/2017/texmf-dist/tex/latex/base/ot1enc.dfu
File: ot1enc.dfu 2017/01/28 v1.1t UTF-8 support for inputenc
   defining Unicode char U+00A0 (decimal 160)
   defining Unicode char U+00A1 (decimal 161)
   defining Unicode char U+00A3 (decimal 163)
   defining Unicode char U+00AD (decimal 173)
   defining Unicode char U+00B8 (decimal 184)
   defining Unicode char U+00BF (decimal 191)
   defining Unicode char U+00C5 (decimal 197)
   defining Unicode char U+00C6 (decimal 198)
   defining Unicode char U+00D8 (decimal 216)
   defining Unicode char U+00DF (decimal 223)
   defining Unicode char U+00E6 (decimal 230)
   defining Unicode char U+00EC (decimal 236)
   defining Unicode char U+00ED (decimal 237)
   defining Unicode char U+00EE (decimal 238)
   defining Unicode char U+00EF (decimal 239)
   defining Unicode char U+00F8 (decimal 248)
   defining Unicode char U+0131 (decimal 305)
   defining Unicode char U+0141 (decimal 321)
   defining Unicode char U+0142 (decimal 322)
   defining Unicode char U+0152 (decimal 338)
   defining Unicode char U+0153 (decimal 339)
   defining Unicode char U+0174 (decimal 372)
   defining Unicode char U+0175 (decimal 373)
   defining Unicode char U+0176 (decimal 374)
   defining Unicode char U+0177 (decimal 375)
   defining Unicode char U+0218 (decimal 536)
   defining Unicode char U+0219 (decimal 537)
   defining Unicode char U+021A (decimal 538)
   defining Unicode char U+021B (decimal 539)
   defining Unicode char U+2013 (decimal 8211)
   defining Unicode char U+2014 (decimal 8212)
   defining Unicode char U+2018 (decimal 8216)
   defining Unicode char U+2019 (decimal 8217)
   defining Unicode char U+201C (decimal 8220)
   defining Unicode char U+201D (decimal 8221)
)
Now handling font encoding OMS ...
... processing UTF-8 mapping file for font encoding OMS
 (c:/texlive/2017/texmf-dist/tex/latex/base/omsenc.dfu
File: omsenc.dfu 2017/01/28 v1.1t UTF-8 support for inputenc
   defining Unicode char U+00A7 (decimal 167)
   defining Unicode char U+00B6 (decimal 182)
   defining Unicode char U+00B7 (decimal 183)
   defining Unicode char U+2020 (decimal 8224)
   defining Unicode char U+2021 (decimal 8225)
   defining Unicode char U+2022 (decimal 8226)
)
Now handling font encoding OMX ...
... no UTF-8 mapping file for font encoding OMX
Now handling font encoding U ...
... no UTF-8 mapping file for font encoding U
Now handling font encoding JY2 ...
... no UTF-8 mapping file for font encoding JY2
Now handling font encoding JT2 ...
... no UTF-8 mapping file for font encoding JT2
Now handling font encoding PD1 ...
... no UTF-8 mapping file for font encoding PD1
Now handling font encoding TS1 ...
... processing UTF-8 mapping file for font encoding TS1
 (c:/texlive/2017/texmf-dist/tex/latex/base/ts1enc.dfu
File: ts1enc.dfu 2017/01/28 v1.1t UTF-8 support for inputenc
   defining Unicode char U+00A2 (decimal 162)
   defining Unicode char U+00A3 (decimal 163)
   defining Unicode char U+00A4 (decimal 164)
   defining Unicode char U+00A5 (decimal 165)
   defining Unicode char U+00A6 (decimal 166)
   defining Unicode char U+00A7 (decimal 167)
   defining Unicode char U+00A8 (decimal 168)
   defining Unicode char U+00A9 (decimal 169)
   defining Unicode char U+00AA (decimal 170)
   defining Unicode char U+00AC (decimal 172)
   defining Unicode char U+00AE (decimal 174)
   defining Unicode char U+00AF (decimal 175)
   defining Unicode char U+00B0 (decimal 176)
   defining Unicode char U+00B1 (decimal 177)
   defining Unicode char U+00B2 (decimal 178)
   defining Unicode char U+00B3 (decimal 179)
   defining Unicode char U+00B4 (decimal 180)
   defining Unicode char U+00B5 (decimal 181)
   defining Unicode char U+00B6 (decimal 182)
   defining Unicode char U+00B7 (decimal 183)
   defining Unicode char U+00B9 (decimal 185)
   defining Unicode char U+00BA (decimal 186)
   defining Unicode char U+00BC (decimal 188)
   defining Unicode char U+00BD (decimal 189)
   defining Unicode char U+00BE (decimal 190)
   defining Unicode char U+00D7 (decimal 215)
   defining Unicode char U+00F7 (decimal 247)
   defining Unicode char U+0192 (decimal 402)
   defining Unicode char U+02C7 (decimal 711)
   defining Unicode char U+02D8 (decimal 728)
   defining Unicode char U+02DD (decimal 733)
   defining Unicode char U+0E3F (decimal 3647)
   defining Unicode char U+2016 (decimal 8214)
   defining Unicode char U+2020 (decimal 8224)
   defining Unicode char U+2021 (decimal 8225)
   defining Unicode char U+2022 (decimal 8226)
   defining Unicode char U+2030 (decimal 8240)
   defining Unicode char U+2031 (decimal 8241)
   defining Unicode char U+203B (decimal 8251)
   defining Unicode char U+203D (decimal 8253)
   defining Unicode char U+2044 (decimal 8260)
   defining Unicode char U+204E (decimal 8270)
   defining Unicode char U+2052 (decimal 8274)
   defining Unicode char U+20A1 (decimal 8353)
   defining Unicode char U+20A4 (decimal 8356)
   defining Unicode char U+20A6 (decimal 8358)
   defining Unicode char U+20A9 (decimal 8361)
   defining Unicode char U+20AB (decimal 8363)
   defining Unicode char U+20AC (decimal 8364)
   defining Unicode char U+20B1 (decimal 8369)
   defining Unicode char U+2103 (decimal 8451)
   defining Unicode char U+2116 (decimal 8470)
   defining Unicode char U+2117 (decimal 8471)
   defining Unicode char U+211E (decimal 8478)
   defining Unicode char U+2120 (decimal 8480)
   defining Unicode char U+2122 (decimal 8482)
   defining Unicode char U+2126 (decimal 8486)
   defining Unicode char U+2127 (decimal 8487)
   defining Unicode char U+212E (decimal 8494)
   defining Unicode char U+2190 (decimal 8592)
   defining Unicode char U+2191 (decimal 8593)
   defining Unicode char U+2192 (decimal 8594)
   defining Unicode char U+2193 (decimal 8595)
   defining Unicode char U+2329 (decimal 9001)
   defining Unicode char U+232A (decimal 9002)
   defining Unicode char U+2422 (decimal 9250)
   defining Unicode char U+25E6 (decimal 9702)
   defining Unicode char U+25EF (decimal 9711)
   defining Unicode char U+266A (decimal 9834)
)
   defining Unicode char U+00A9 (decimal 169)
   defining Unicode char U+00AA (decimal 170)
   defining Unicode char U+00AE (decimal 174)
   defining Unicode char U+00BA (decimal 186)
   defining Unicode char U+02C6 (decimal 710)
   defining Unicode char U+02DC (decimal 732)
   defining Unicode char U+200C (decimal 8204)
   defining Unicode char U+2026 (decimal 8230)
   defining Unicode char U+2122 (decimal 8482)
   defining Unicode char U+2423 (decimal 9251)
)) (c:/texlive/2017/texmf-dist/tex/platex/japanese-otf-uptex/otf.sty
Package: otf 2018/02/01 v1.7b7 psitau, u0.19 ttk
 (c:/texlive/2017/texmf-dist/tex/platex/japanese-otf/ajmacros.sty
Package: ajmacros 2005/12/25 13:52 iNOUE Koich! <inoue@ma.ns.musashi-tech.ac.jp>
\@tempcntc=\count165
\@tempcntd=\count166
\@tempcnte=\count167
\@tempcntf=\count168
)) (c:/texlive/2017/texmf-dist/tex/platex/pxchfon/pxchfon.sty
Package: pxchfon 2017/10/04 v1.1b
 (c:/texlive/2017/texmf-dist/tex/latex/pxufont/pxufont.sty
Package: pxufont 2017/07/07 v0.3
 (c:/texlive/2017/texmf-dist/tex/generic/ifptex/ifuptex.sty
Package: ifuptex 2017/10/04 v1.2c upTeX checker
 (c:/texlive/2017/texmf-dist/tex/generic/ifptex/ifptex.sty
Package: ifptex 2017/10/04 v1.2c pTeX checker
)))) (c:/texlive/2017/texmf-dist/tex/latex/lxfonts/lxfonts.sty
Package: lxfonts 2013/09/03 v,2.0 Macros for using LX fonts
) (c:/texlive/2017/texmf-dist/tex/latex/tools/bm.sty
Package: bm 2017/01/16 v1.2c Bold Symbol Support (DPC/FMi)
\symboldoperators=\mathgroup6
\symboldletters=\mathgroup7
\symboldsymbols=\mathgroup8
LaTeX Font Info:    Redeclaring math alphabet \mathbf on input line 141.
LaTeX Info: Redefining \bm on input line 207.
) (c:/texlive/2017/texmf-dist/tex/latex/beamer/beamerfontthemeserif.sty)
LaTeX Font Info:    Redeclaring symbol font `operators' on input line 51.
LaTeX Font Info:    Overwriting symbol font `operators' in version `normal'
(Font)                  OT1/cmr/m/n --> OT1/cmss/m/n on input line 51.
LaTeX Font Info:    Overwriting symbol font `operators' in version `bold'
(Font)                  OT1/cmr/bx/n --> OT1/cmss/m/n on input line 51.
LaTeX Font Info:    Overwriting symbol font `operators' in version `bold'
(Font)                  OT1/cmss/m/n --> OT1/cmss/b/n on input line 52.
 (c:/texlive/2017/texmf-dist/tex/latex/beamer/beamerfontthemestructurebold.sty)
LaTeX Font Info:    Overwriting symbol font `operators' in version `normal'
(Font)                  OT1/cmss/m/n --> OT1/llcmss/m/n on input line 65.
LaTeX Font Info:    Overwriting symbol font `letters' in version `normal'
(Font)                  OML/cmm/m/it --> OML/llcmm/m/it on input line 65.
LaTeX Font Info:    Overwriting symbol font `symbols' in version `normal'
(Font)                  OMS/cmsy/m/n --> OMS/llcmsy/m/n on input line 65.
LaTeX Font Info:    Overwriting symbol font `largesymbols' in version `normal'
(Font)                  OMX/cmex/m/n --> OMX/llcmex/m/n on input line 65.
LaTeX Font Info:    Overwriting symbol font `operators' in version `bold'
(Font)                  OT1/cmss/b/n --> OT1/llcmss/bx/n on input line 65.
LaTeX Font Info:    Overwriting symbol font `letters' in version `bold'
(Font)                  OML/cmm/b/it --> OML/llcmm/bx/it on input line 65.
LaTeX Font Info:    Overwriting symbol font `symbols' in version `bold'
(Font)                  OMS/cmsy/b/n --> OMS/llcmsy/bx/n on input line 65.
LaTeX Font Info:    Overwriting symbol font `largesymbols' in version `bold'
(Font)                  OMX/cmex/m/n --> OMX/llcmex/m/n on input line 65.
LaTeX Font Info:    Redeclaring math alphabet \mathbf on input line 65.
LaTeX Font Info:    Redeclaring math alphabet \mathsf on input line 65.
LaTeX Font Info:    Overwriting math alphabet `\mathsf' in version `normal'
(Font)                  OT1/cmss/m/n --> OT1/llcmss/m/n on input line 65.
LaTeX Font Info:    Overwriting math alphabet `\mathsf' in version `bold'
(Font)                  OT1/cmss/bx/n --> OT1/llcmss/m/n on input line 65.
LaTeX Font Info:    Redeclaring math alphabet \mathit on input line 65.
LaTeX Font Info:    Overwriting math alphabet `\mathit' in version `normal'
(Font)                  OT1/cmr/m/it --> OT1/llcmss/m/sl on input line 65.
LaTeX Font Info:    Overwriting math alphabet `\mathit' in version `bold'
(Font)                  OT1/cmr/bx/it --> OT1/llcmss/m/sl on input line 65.
LaTeX Font Info:    Redeclaring math alphabet \mathtt on input line 65.
LaTeX Font Info:    Overwriting math alphabet `\mathtt' in version `normal'
(Font)                  OT1/cmtt/m/n --> OT1/llcmtt/m/n on input line 65.
LaTeX Font Info:    Overwriting math alphabet `\mathtt' in version `bold'
(Font)                  OT1/cmtt/m/n --> OT1/llcmtt/m/n on input line 65.
LaTeX Font Info:    Overwriting math alphabet `\mathsf' in version `bold'
(Font)                  OT1/llcmss/m/n --> OT1/llcmss/bx/n on input line 65.
LaTeX Font Info:    Overwriting math alphabet `\mathit' in version `bold'
(Font)                  OT1/llcmss/m/sl --> OT1/llcmss/bx/sl on input line 65.
 (c:/texlive/2017/texmf-dist/tex/latex/lxfonts/ulmsa.fd) (c:/texlive/2017/texmf-dist/tex/latex/lxfonts/ulmsb.fd)
LaTeX Font Info:    Overwriting symbol font `AMSa' in version `normal'
(Font)                  U/msa/m/n --> U/lmsa/m/n on input line 65.
LaTeX Font Info:    Overwriting symbol font `AMSb' in version `normal'
(Font)                  U/msb/m/n --> U/lmsb/m/n on input line 65.
LaTeX Info: Redefining \rm on input line 65.
LaTeX Info: Redefining \sf on input line 65.
LaTeX Info: Redefining \tt on input line 65.
LaTeX Info: Redefining \bf on input line 65.
LaTeX Info: Redefining \it on input line 65.
LaTeX Info: Redefining \sl on input line 65.
LaTeX Info: Redefining \sc on input line 65.
 (./Steganography.aux)
\openout1 = `Steganography.aux'.

LaTeX Font Info:    Checking defaults for OML/cmm/m/it on input line 65.
LaTeX Font Info:    ... okay on input line 65.
LaTeX Font Info:    Checking defaults for T1/cmr/m/n on input line 65.
LaTeX Font Info:    ... okay on input line 65.
LaTeX Font Info:    Checking defaults for OT1/cmr/m/n on input line 65.
LaTeX Font Info:    ... okay on input line 65.
LaTeX Font Info:    Checking defaults for OMS/cmsy/m/n on input line 65.
LaTeX Font Info:    ... okay on input line 65.
LaTeX Font Info:    Checking defaults for OMX/cmex/m/n on input line 65.
LaTeX Font Info:    ... okay on input line 65.
LaTeX Font Info:    Checking defaults for U/cmr/m/n on input line 65.
LaTeX Font Info:    ... okay on input line 65.
LaTeX Font Info:    Checking defaults for JY2/mc/m/n on input line 65.
LaTeX Font Info:    ... okay on input line 65.
LaTeX Font Info:    Checking defaults for JT2/mc/m/n on input line 65.
LaTeX Font Info:    ... okay on input line 65.
LaTeX Font Info:    Checking defaults for PD1/pdf/m/n on input line 65.
LaTeX Font Info:    ... okay on input line 65.
LaTeX Font Info:    Checking defaults for TS1/cmr/m/n on input line 65.
LaTeX Font Info:    Try loading font information for TS1+cmr on input line 65.
 (c:/texlive/2017/texmf-dist/tex/latex/base/ts1cmr.fd
File: ts1cmr.fd 2014/09/29 v2.5h Standard LaTeX font definitions
)
LaTeX Font Info:    ... okay on input line 65.
 (I search kanjifont definition file: . . ) (I search font definition file: . . . . . . . . . )
LaTeX Font Info:    Font shape `JT2/hgt/m/n' will be
(Font)              scaled to size 10.12526pt on input line 65.
LaTeX Font Info:    Font shape `JY2/hgt/m/n' will be
(Font)              scaled to size 10.12526pt on input line 65.
LaTeX Font Info:    Try loading font information for T1+llcmss on input line 65.
 (c:/texlive/2017/texmf-dist/tex/latex/lxfonts/t1llcmss.fd)
*geometry* detected driver: dvipdfm
*geometry* verbose mode - [ preamble ] result:
* driver: dvipdfm
* paper: custom
* layout: <same size as paper>
* layoutoffset:(h,v)=(0.0pt,0.0pt)
* modes: includehead includefoot 
* h-part:(L,W,R)=(10.95003pt, 342.2953pt, 10.95003pt)
* v-part:(T,H,B)=(0.0pt, 273.14662pt, 0.0pt)
* \paperwidth=364.19536pt
* \paperheight=273.14662pt
* \textwidth=342.2953pt
* \textheight=244.6939pt
* \oddsidemargin=-61.31996pt
* \evensidemargin=-61.31996pt
* \topmargin=-72.26999pt
* \headheight=14.22636pt
* \headsep=0.0pt
* \topskip=11.0pt
* \footskip=14.22636pt
* \marginparwidth=4.0pt
* \marginparsep=10.0pt
* \columnsep=10.0pt
* \skip\footins=10.0pt plus 4.0pt minus 2.0pt
* \hoffset=0.0pt
* \voffset=0.0pt
* \mag=1000
* \@twocolumnfalse
* \@twosidefalse
* \@mparswitchfalse
* \@reversemarginfalse
* (1in=72.27pt=25.4mm, 1cm=28.453pt)

ABD: EveryShipout initializing macros
\AtBeginShipoutBox=\box71
Package hyperref Info: Link coloring OFF on input line 65.
 (c:/texlive/2017/texmf-dist/tex/latex/hyperref/nameref.sty
Package: nameref 2016/05/21 v2.44 Cross-referencing by name of section
 (c:/texlive/2017/texmf-dist/tex/generic/oberdiek/gettitlestring.sty
Package: gettitlestring 2016/05/16 v1.5 Cleanup title references (HO)
)
\c@section@level=\count169
)
LaTeX Info: Redefining \ref on input line 65.
LaTeX Info: Redefining \pageref on input line 65.
LaTeX Info: Redefining \nameref on input line 65.
 (./Steganography.out) (./Steganography.out)
\@outlinefile=\write5
\openout5 = `Steganography.out'.

 (c:/texlive/2017/texmf-dist/tex/latex/translator/translator-basic-dictionary-English.dict
Dictionary: translator-basic-dictionary, Language: English 
) (c:/texlive/2017/texmf-dist/tex/latex/translator/translator-bibliography-dictionary-English.dict
Dictionary: translator-bibliography-dictionary, Language: English 
) (c:/texlive/2017/texmf-dist/tex/latex/translator/translator-environment-dictionary-English.dict
Dictionary: translator-environment-dictionary, Language: English 
) (c:/texlive/2017/texmf-dist/tex/latex/translator/translator-months-dictionary-English.dict
Dictionary: translator-months-dictionary, Language: English 
) (c:/texlive/2017/texmf-dist/tex/latex/translator/translator-numbers-dictionary-English.dict
Dictionary: translator-numbers-dictionary, Language: English 
) (c:/texlive/2017/texmf-dist/tex/latex/translator/translator-theorem-dictionary-English.dict
Dictionary: translator-theorem-dictionary, Language: English 
)
LaTeX Font Info:    Try loading font information for T1+llcmtt on input line 65.
 (c:/texlive/2017/texmf-dist/tex/latex/lxfonts/t1llcmtt.fd)
Package pxchfon Info: Font tribe is 'noto':
(pxchfon)                 NotoSerifCJKjp-Regular.otf.
Package pxchfon Info: Font tribe is 'noto':
(pxchfon)                 NotoSerifCJKjp-Regular.otf.
Package pxchfon Info: Font tribe is 'noto':
(pxchfon)                 NotoSerifCJKjp-Regular.otf.
Package pxchfon Info: Font tribe is 'noto':
(pxchfon)                 NotoSansCJKjp-Medium.otf.
Package pxchfon Info: Font tribe is 'noto':
(pxchfon)                 NotoSansCJKjp-Medium.otf.
Package pxchfon Info: Font tribe is 'noto':
(pxchfon)                 NotoSansCJKjp-Medium.otf.
Package pxchfon Info: Font tribe is 'noto':
(pxchfon)                 NotoSerifCJKjp-Regular.otf.
Package pxchfon Info: Font tribe is 'noto':
(pxchfon)                 NotoSerifCJKjp-Regular.otf.
Package pxchfon Info: Font tribe is 'noto':
(pxchfon)                 NotoSansCJKjp-Medium.otf.
Package pxchfon Info: Font tribe is 'noto':
(pxchfon)                 NotoSansCJKjp-Medium.otf.
Package pxchfon Info: Font tribe is 'noto':
(pxchfon)                 NotoSerifCJKjp-Light.otf.
Package pxchfon Info: Font tribe is 'noto':
(pxchfon)                 NotoSerifCJKjp-Light.otf.
Package pxchfon Info: Font tribe is 'noto':
(pxchfon)                 NotoSerifCJKjp-Light.otf.
Package pxchfon Info: Font tribe is 'noto':
(pxchfon)                 NotoSerifCJKjp-Light.otf.
Package pxchfon Info: Font tribe is 'noto':
(pxchfon)                 NotoSerifCJKjp-Regular.otf.
Package pxchfon Info: Font tribe is 'noto':
(pxchfon)                 NotoSerifCJKjp-Regular.otf.
Package pxchfon Info: Font tribe is 'noto':
(pxchfon)                 NotoSerifCJKjp-Regular.otf.
Package pxchfon Info: Font tribe is 'noto':
(pxchfon)                 NotoSerifCJKjp-Regular.otf.
Package pxchfon Info: Font tribe is 'noto':
(pxchfon)                 NotoSerifCJKjp-Bold.otf.
Package pxchfon Info: Font tribe is 'noto':
(pxchfon)                 NotoSerifCJKjp-Bold.otf.
Package pxchfon Info: Font tribe is 'noto':
(pxchfon)                 NotoSerifCJKjp-Bold.otf.
Package pxchfon Info: Font tribe is 'noto':
(pxchfon)                 NotoSerifCJKjp-Bold.otf.
Package pxchfon Info: Font tribe is 'noto':
(pxchfon)                 NotoSansCJKjp-Regular.otf.
Package pxchfon Info: Font tribe is 'noto':
(pxchfon)                 NotoSansCJKjp-Regular.otf.
Package pxchfon Info: Font tribe is 'noto':
(pxchfon)                 NotoSansCJKjp-Regular.otf.
Package pxchfon Info: Font tribe is 'noto':
(pxchfon)                 NotoSansCJKjp-Regular.otf.
Package pxchfon Info: Font tribe is 'noto':
(pxchfon)                 NotoSansCJKjp-Bold.otf.
Package pxchfon Info: Font tribe is 'noto':
(pxchfon)                 NotoSansCJKjp-Bold.otf.
Package pxchfon Info: Font tribe is 'noto':
(pxchfon)                 NotoSansCJKjp-Bold.otf.
Package pxchfon Info: Font tribe is 'noto':
(pxchfon)                 NotoSansCJKjp-Bold.otf.
Package pxchfon Info: Font tribe is 'noto':
(pxchfon)                 NotoSansCJKjp-Black.otf.
Package pxchfon Info: Font tribe is 'noto':
(pxchfon)                 NotoSansCJKjp-Black.otf.
Package pxchfon Info: Font tribe is 'noto':
(pxchfon)                 NotoSansCJKjp-Black.otf.
Package pxchfon Info: Font tribe is 'noto':
(pxchfon)                 NotoSansCJKjp-Black.otf.
Package pxchfon Info: Font tribe is 'noto':
(pxchfon)                 NotoSansCJKjp-Medium.otf.
Package pxchfon Info: Font tribe is 'noto':
(pxchfon)                 NotoSansCJKjp-Medium.otf.
Package pxchfon Info: Font tribe is 'noto':
(pxchfon)                 NotoSansCJKjp-Medium.otf.
Package pxchfon Info: Font tribe is 'noto':
(pxchfon)                 NotoSansCJKjp-Medium.otf.
Package pxchfon Info: Font tribe is 'noto':
(pxchfon)                 NotoSerifCJKjp-Light.otf.
Package pxchfon Info: Font tribe is 'noto':
(pxchfon)                 NotoSerifCJKjp-Light.otf.
Package pxchfon Info: Font tribe is 'noto':
(pxchfon)                 NotoSerifCJKjp-Light.otf.
Package pxchfon Info: Font tribe is 'noto':
(pxchfon)                 NotoSerifCJKjp-Light.otf.
Package pxchfon Info: Font tribe is 'noto':
(pxchfon)                 NotoSerifCJKjp-Light.otf.
Package pxchfon Info: Font tribe is 'noto':
(pxchfon)                 NotoSerifCJKjp-Light.otf.
Package pxchfon Info: Font tribe is 'noto':
(pxchfon)                 NotoSerifCJKjp-Light.otf.
Package pxchfon Info: Font tribe is 'noto':
(pxchfon)                 NotoSerifCJKjp-Light.otf.
Package pxchfon Info: Font tribe is 'noto':
(pxchfon)                 NotoSerifCJKjp-Light.otf.
Package pxchfon Info: Font tribe is 'noto':
(pxchfon)                 NotoSerifCJKjp-Light.otf.
Package pxchfon Info: Font tribe is 'noto':
(pxchfon)                 NotoSerifCJKjp-Regular.otf.
Package pxchfon Info: Font tribe is 'noto':
(pxchfon)                 NotoSerifCJKjp-Regular.otf.
Package pxchfon Info: Font tribe is 'noto':
(pxchfon)                 NotoSerifCJKjp-Regular.otf.
Package pxchfon Info: Font tribe is 'noto':
(pxchfon)                 NotoSerifCJKjp-Regular.otf.
Package pxchfon Info: Font tribe is 'noto':
(pxchfon)                 NotoSerifCJKjp-Regular.otf.
Package pxchfon Info: Font tribe is 'noto':
(pxchfon)                 NotoSerifCJKjp-Regular.otf.
Package pxchfon Info: Font tribe is 'noto':
(pxchfon)                 NotoSerifCJKjp-Regular.otf.
Package pxchfon Info: Font tribe is 'noto':
(pxchfon)                 NotoSerifCJKjp-Regular.otf.
Package pxchfon Info: Font tribe is 'noto':
(pxchfon)                 NotoSerifCJKjp-Regular.otf.
Package pxchfon Info: Font tribe is 'noto':
(pxchfon)                 NotoSerifCJKjp-Regular.otf.
Package pxchfon Info: Font tribe is 'noto':
(pxchfon)                 NotoSerifCJKjp-Bold.otf.
Package pxchfon Info: Font tribe is 'noto':
(pxchfon)                 NotoSerifCJKjp-Bold.otf.
Package pxchfon Info: Font tribe is 'noto':
(pxchfon)                 NotoSerifCJKjp-Bold.otf.
Package pxchfon Info: Font tribe is 'noto':
(pxchfon)                 NotoSerifCJKjp-Bold.otf.
Package pxchfon Info: Font tribe is 'noto':
(pxchfon)                 NotoSerifCJKjp-Bold.otf.
Package pxchfon Info: Font tribe is 'noto':
(pxchfon)                 NotoSerifCJKjp-Bold.otf.
Package pxchfon Info: Font tribe is 'noto':
(pxchfon)                 NotoSerifCJKjp-Bold.otf.
Package pxchfon Info: Font tribe is 'noto':
(pxchfon)                 NotoSerifCJKjp-Bold.otf.
Package pxchfon Info: Font tribe is 'noto':
(pxchfon)                 NotoSerifCJKjp-Bold.otf.
Package pxchfon Info: Font tribe is 'noto':
(pxchfon)                 NotoSerifCJKjp-Bold.otf.
Package pxchfon Info: Font tribe is 'noto':
(pxchfon)                 NotoSansCJKjp-Regular.otf.
Package pxchfon Info: Font tribe is 'noto':
(pxchfon)                 NotoSansCJKjp-Regular.otf.
Package pxchfon Info: Font tribe is 'noto':
(pxchfon)                 NotoSansCJKjp-Regular.otf.
Package pxchfon Info: Font tribe is 'noto':
(pxchfon)                 NotoSansCJKjp-Regular.otf.
Package pxchfon Info: Font tribe is 'noto':
(pxchfon)                 NotoSansCJKjp-Regular.otf.
Package pxchfon Info: Font tribe is 'noto':
(pxchfon)                 NotoSansCJKjp-Regular.otf.
Package pxchfon Info: Font tribe is 'noto':
(pxchfon)                 NotoSansCJKjp-Regular.otf.
Package pxchfon Info: Font tribe is 'noto':
(pxchfon)                 NotoSansCJKjp-Regular.otf.
Package pxchfon Info: Font tribe is 'noto':
(pxchfon)                 NotoSansCJKjp-Regular.otf.
Package pxchfon Info: Font tribe is 'noto':
(pxchfon)                 NotoSansCJKjp-Regular.otf.
Package pxchfon Info: Font tribe is 'noto':
(pxchfon)                 NotoSansCJKjp-Bold.otf.
Package pxchfon Info: Font tribe is 'noto':
(pxchfon)                 NotoSansCJKjp-Bold.otf.
Package pxchfon Info: Font tribe is 'noto':
(pxchfon)                 NotoSansCJKjp-Bold.otf.
Package pxchfon Info: Font tribe is 'noto':
(pxchfon)                 NotoSansCJKjp-Bold.otf.
Package pxchfon Info: Font tribe is 'noto':
(pxchfon)                 NotoSansCJKjp-Bold.otf.
Package pxchfon Info: Font tribe is 'noto':
(pxchfon)                 NotoSansCJKjp-Bold.otf.
Package pxchfon Info: Font tribe is 'noto':
(pxchfon)                 NotoSansCJKjp-Bold.otf.
Package pxchfon Info: Font tribe is 'noto':
(pxchfon)                 NotoSansCJKjp-Bold.otf.
Package pxchfon Info: Font tribe is 'noto':
(pxchfon)                 NotoSansCJKjp-Bold.otf.
Package pxchfon Info: Font tribe is 'noto':
(pxchfon)                 NotoSansCJKjp-Bold.otf.
Package pxchfon Info: Font tribe is 'noto':
(pxchfon)                 NotoSansCJKjp-Black.otf.
Package pxchfon Info: Font tribe is 'noto':
(pxchfon)                 NotoSansCJKjp-Black.otf.
Package pxchfon Info: Font tribe is 'noto':
(pxchfon)                 NotoSansCJKjp-Black.otf.
Package pxchfon Info: Font tribe is 'noto':
(pxchfon)                 NotoSansCJKjp-Black.otf.
Package pxchfon Info: Font tribe is 'noto':
(pxchfon)                 NotoSansCJKjp-Black.otf.
Package pxchfon Info: Font tribe is 'noto':
(pxchfon)                 NotoSansCJKjp-Black.otf.
Package pxchfon Info: Font tribe is 'noto':
(pxchfon)                 NotoSansCJKjp-Black.otf.
Package pxchfon Info: Font tribe is 'noto':
(pxchfon)                 NotoSansCJKjp-Black.otf.
Package pxchfon Info: Font tribe is 'noto':
(pxchfon)                 NotoSansCJKjp-Black.otf.
Package pxchfon Info: Font tribe is 'noto':
(pxchfon)                 NotoSansCJKjp-Black.otf.
Package pxchfon Info: Font tribe is 'noto':
(pxchfon)                 NotoSansCJKjp-Medium.otf.
Package pxchfon Info: Font tribe is 'noto':
(pxchfon)                 NotoSansCJKjp-Medium.otf.
Package pxchfon Info: Font tribe is 'noto':
(pxchfon)                 NotoSansCJKjp-Medium.otf.
Package pxchfon Info: Font tribe is 'noto':
(pxchfon)                 NotoSansCJKjp-Medium.otf.
Package pxchfon Info: Font tribe is 'noto':
(pxchfon)                 NotoSansCJKjp-Medium.otf.
Package pxchfon Info: Font tribe is 'noto':
(pxchfon)                 NotoSansCJKjp-Medium.otf.
Package pxchfon Info: Font tribe is 'noto':
(pxchfon)                 NotoSansCJKjp-Medium.otf.
Package pxchfon Info: Font tribe is 'noto':
(pxchfon)                 NotoSansCJKjp-Medium.otf.
Package pxchfon Info: Font tribe is 'noto':
(pxchfon)                 NotoSansCJKjp-Medium.otf.
Package pxchfon Info: Font tribe is 'noto':
(pxchfon)                 NotoSansCJKjp-Medium.otf.
 (./Steganography.nav)
LaTeX Font Info:    Font shape `JT2/hgt/m/n' will be
(Font)              scaled to size 5.5481pt on input line 65.
LaTeX Font Info:    Font shape `JY2/hgt/m/n' will be
(Font)              scaled to size 5.5481pt on input line 65.
LaTeX Font Info:    Font shape `JT2/hgt/bx/n' will be
(Font)              scaled to size 5.5481pt on input line 65.
LaTeX Font Info:    Font shape `JY2/hgt/bx/n' will be
(Font)              scaled to size 5.5481pt on input line 65.
LaTeX Font Info:    Font shape `JT2/hgt/bx/n' will be
(Font)              scaled to size 10.12526pt on input line 65.
LaTeX Font Info:    Font shape `JY2/hgt/bx/n' will be
(Font)              scaled to size 10.12526pt on input line 65.
LaTeX Font Info:    Font shape `JT2/hgt/bx/n' will be
(Font)              scaled to size 15.9785pt on input line 69.
LaTeX Font Info:    Font shape `JY2/hgt/bx/n' will be
(Font)              scaled to size 15.9785pt on input line 69.
LaTeX Font Info:    Font shape `JT2/hgt/m/n' will be
(Font)              scaled to size 7.39746pt on input line 69.
LaTeX Font Info:    Font shape `JY2/hgt/m/n' will be
(Font)              scaled to size 7.39746pt on input line 69.
LaTeX Font Info:    Font shape `JT2/hgt/m/n' will be
(Font)              scaled to size 9.24683pt on input line 69.
LaTeX Font Info:    Font shape `JY2/hgt/m/n' will be
(Font)              scaled to size 9.24683pt on input line 69.
 [1

] (./Steganography.toc
LaTeX Font Info:    Font shape `JT2/hgt/bx/n' will be
(Font)              scaled to size 7.39746pt on input line 1.
LaTeX Font Info:    Font shape `JY2/hgt/bx/n' will be
(Font)              scaled to size 7.39746pt on input line 1.
)
LaTeX Font Info:    Font shape `JT2/hgt/bx/n' will be
(Font)              scaled to size 13.31541pt on input line 73.
LaTeX Font Info:    Font shape `JY2/hgt/bx/n' will be
(Font)              scaled to size 13.31541pt on input line 73.
LaTeX Font Info:    Font shape `JT2/hgt/bx/n' will be
(Font)              scaled to size 3.69873pt on input line 73.
LaTeX Font Info:    Font shape `JY2/hgt/bx/n' will be
(Font)              scaled to size 3.69873pt on input line 73.
LaTeX Font Info:    Font shape `JT2/hgt/m/n' will be
(Font)              scaled to size 3.69873pt on input line 73.
LaTeX Font Info:    Font shape `JY2/hgt/m/n' will be
(Font)              scaled to size 3.69873pt on input line 73.
 [2

] (./Steganography.toc) [3

]
LaTeX Font Info:    Font shape `JT2/hgt/bx/n' will be
(Font)              scaled to size 9.24683pt on input line 90.
LaTeX Font Info:    Font shape `JY2/hgt/bx/n' will be
(Font)              scaled to size 9.24683pt on input line 90.
 [4

] [5

] [6

] [7

] (./Steganography.toc) [8

] [9

]
LaTeX Font Info:    Try loading font information for OT1+llcmss on input line 139.
 (c:/texlive/2017/texmf-dist/tex/latex/lxfonts/ot1llcmss.fd)
LaTeX Font Info:    Try loading font information for OML+llcmm on input line 139.
 (c:/texlive/2017/texmf-dist/tex/latex/lxfonts/omlllcmm.fd)
LaTeX Font Info:    Try loading font information for OMS+llcmsy on input line 139.
 (c:/texlive/2017/texmf-dist/tex/latex/lxfonts/omsllcmsy.fd)
LaTeX Font Info:    Try loading font information for OMX+llcmex on input line 139.
 (c:/texlive/2017/texmf-dist/tex/latex/lxfonts/omxllcmex.fd)
LaTeX Font Info:    External font `lcmex8' loaded for size
(Font)              <10.95> on input line 139.
LaTeX Font Info:    External font `lcmex8' loaded for size
(Font)              <8> on input line 139.
LaTeX Font Info:    External font `lcmex8' loaded for size
(Font)              <6> on input line 139.
 [10

] [11

] [12

] [13

] (./Steganography.toc) [14

]
File: Nara.jpg Graphic file (type bmp)
<Nara.jpg>
File: StegoNara.png Graphic file (type bmp)
<StegoNara.png>

Overfull \hbox (16.56248pt too wide) in paragraph at lines 212--212
 [][][] 
 []


Overfull \vbox (22.93694pt too high) detected at line 212
 []

[15

]
File: Test.png Graphic file (type bmp)
<Test.png>
File: StegoTest.png Graphic file (type bmp)
<StegoTest.png>

Overfull \hbox (16.56248pt too wide) in paragraph at lines 241--241
 [][][] 
 []

[16

] [17

] (./Steganography.toc) [18

] [19

]
\tf@nav=\write6
\openout6 = `Steganography.nav'.

\tf@toc=\write7
\openout7 = `Steganography.toc'.

\tf@snm=\write8
\openout8 = `Steganography.snm'.

Package atveryend Info: Empty hook `BeforeClearDocument' on input line 261.
Package atveryend Info: Empty hook `AfterLastShipout' on input line 261.
 (./Steganography.aux)
Package atveryend Info: Empty hook `AtVeryEndDocument' on input line 261.
Package atveryend Info: Executing hook `AtEndAfterFileList' on input line 261.
Package rerunfilecheck Info: File `Steganography.out' has not changed.
(rerunfilecheck)             Checksum: 34635C9F778E81FBAD95E2ABDA1094A4;248.
 ) 
Here is how much of TeX's memory you used:
 21622 strings out of 493636
 393504 string characters out of 6151820
 459159 words of memory out of 5000000
 24719 multiletter control sequences out of 15000+600000
 30292 words of font info for 98 fonts, out of 8000000 for 9000
 929 hyphenation exceptions out of 8191
 56i,11n,64p,839b,991s stack positions out of 5000i,500n,10000p,200000b,80000s

Output written on Steganography.dvi (19 pages, 116716 bytes).
